|--- feature_22 <= 0.50
|   |--- feature_3 <= 7073.50
|   |   |--- feature_2 <= 13.50
|   |   |   |--- feature_4 <= 2218.50
|   |   |   |   |--- feature_5 <= 42.50
|   |   |   |   |   |--- feature_0 <= 34.50
|   |   |   |   |   |   |--- class: 0
|   |   |   |   |   |--- feature_0 >  34.50
|   |   |   |   |   |   |--- feature_14 <= 0.50
|   |   |   |   |   |   |   |--- class: 0
|   |   |   |   |   |   |--- feature_14 >  0.50
|   |   |   |   |   |   |   |--- class: 0
|   |   |   |   |--- feature_5 >  42.50
|   |   |   |   |   |--- feature_2 <= 12.50
|   |   |   |   |   |   |--- feature_0 <= 38.50
|   |   |   |   |   |   |   |--- class: 0
|   |   |   |   |   |   |--- feature_0 >  38.50
|   |   |   |   |   |   |   |--- feature_3 <= 4668.50
|   |   |   |   |   |   |   |   |--- class: 0
|   |   |   |   |   |   |   |--- feature_3 >  4668.50
|   |   |   |   |   |   |   |   |--- class: 1
|   |   |   |   |   |--- feature_2 >  12.50
|   |   |   |   |   |   |--- feature_0 <= 27.50
|   |   |   |   |   |   |   |--- class: 0
|   |   |   |   |   |   |--- feature_0 >  27.50
|   |   |   |   |   |   |   |--- feature_29 <= 0.50
|   |   |   |   |   |   |   |   |--- class: 0
|   |   |   |   |   |   |   |--- feature_29 >  0.50
|   |   |   |   |   |   |   |   |--- class: 0
|   |   |   |--- feature_4 >  2218.50
|   |   |   |   |--- feature_4 <= 2365.50
|   |   |   |   |   |--- class: 0
|   |   |   |   |--- feature_4 >  2365.50
|   |   |   |   |   |--- feature_4 <= 3297.00
|   |   |   |   |   |   |--- class: 1
|   |   |   |   |   |--- feature_4 >  3297.00
|   |   |   |   |   |   |--- class: 0
|   |   |--- feature_2 >  13.50
|   |   |   |--- feature_5 <= 43.50
|   |   |   |   |--- feature_4 <= 2443.00
|   |   |   |   |   |--- feature_17 <= 0.50
|   |   |   |   |   |   |--- feature_0 <= 32.50
|   |   |   |   |   |   |   |--- class: 0
|   |   |   |   |   |   |--- feature_0 >  32.50
|   |   |   |   |   |   |   |--- feature_49 <= 0.50
|   |   |   |   |   |   |   |   |--- class: 0
|   |   |   |   |   |   |   |--- feature_49 >  0.50
|   |   |   |   |   |   |   |   |--- class: 1
|   |   |   |   |   |--- feature_17 >  0.50
|   |   |   |   |   |   |--- class: 0
|   |   |   |   |--- feature_4 >  2443.00
|   |   |   |   |   |--- class: 1
|   |   |   |--- feature_5 >  43.50
|   |   |   |   |--- feature_0 <= 32.50
|   |   |   |   |   |--- class: 0
|   |   |   |   |--- feature_0 >  32.50
|   |   |   |   |   |--- feature_2 <= 14.50
|   |   |   |   |   |   |--- feature_35 <= 0.50
|   |   |   |   |   |   |   |--- class: 1
|   |   |   |   |   |   |--- feature_35 >  0.50
|   |   |   |   |   |   |   |--- class: 0
|   |   |   |   |   |--- feature_2 >  14.50
|   |   |   |   |   |   |--- class: 1
|   |--- feature_3 >  7073.50
|   |   |--- class: 1
|--- feature_22 >  0.50
|   |--- feature_2 <= 12.50
|   |   |--- feature_3 <= 5095.50
|   |   |   |--- feature_2 <= 8.50
|   |   |   |   |--- feature_0 <= 36.50
|   |   |   |   |   |--- class: 0
|   |   |   |   |--- feature_0 >  36.50
|   |   |   |   |   |--- class: 0
|   |   |   |--- feature_2 >  8.50
|   |   |   |   |--- feature_0 <= 35.50
|   |   |   |   |   |--- feature_0 <= 24.50
|   |   |   |   |   |   |--- class: 0
|   |   |   |   |   |--- feature_0 >  24.50
|   |   |   |   |   |   |--- feature_4 <= 1794.00
|   |   |   |   |   |   |   |--- feature_2 <= 9.50
|   |   |   |   |   |   |   |   |--- feature_5 <= 51.50
|   |   |   |   |   |   |   |   |   |--- class: 0
|   |   |   |   |   |   |   |   |--- feature_5 >  51.50
|   |   |   |   |   |   |   |   |   |--- feature_87 <= 0.50
|   |   |   |   |   |   |   |   |   |   |--- class: 1
|   |   |   |   |   |   |   |   |   |--- feature_87 >  0.50
|   |   |   |   |   |   |   |   |   |   |--- class: 0
|   |   |   |   |   |   |   |--- feature_2 >  9.50
|   |   |   |   |   |   |   |   |--- feature_1 <= 381368.00
|   |   |   |   |   |   |   |   |   |--- feature_29 <= 0.50
|   |   |   |   |   |   |   |   |   |   |--- class: 0
|   |   |   |   |   |   |   |   |   |--- feature_29 >  0.50
|   |   |   |   |   |   |   |   |   |   |--- class: 0
|   |   |   |   |   |   |   |   |--- feature_1 >  381368.00
|   |   |   |   |   |   |   |   |   |--- class: 1
|   |   |   |   |   |   |--- feature_4 >  1794.00
|   |   |   |   |   |   |   |--- feature_4 <= 1952.00
|   |   |   |   |   |   |   |   |--- class: 1
|   |   |   |   |   |   |   |--- feature_4 >  1952.00
|   |   |   |   |   |   |   |   |--- class: 0
|   |   |   |   |--- feature_0 >  35.50
|   |   |   |   |   |--- feature_4 <= 1846.00
|   |   |   |   |   |   |--- feature_5 <= 34.50
|   |   |   |   |   |   |   |--- feature_44 <= 0.50
|   |   |   |   |   |   |   |   |--- class: 0
|   |   |   |   |   |   |   |--- feature_44 >  0.50
|   |   |   |   |   |   |   |   |--- class: 0
|   |   |   |   |   |   |--- feature_5 >  34.50
|   |   |   |   |   |   |   |--- feature_29 <= 0.50
|   |   |   |   |   |   |   |   |--- feature_30 <= 0.50
|   |   |   |   |   |   |   |   |   |--- feature_2 <= 9.50
|   |   |   |   |   |   |   |   |   |   |--- feature_33 <= 0.50
|   |   |   |   |   |   |   |   |   |   |   |--- class: 0
|   |   |   |   |   |   |   |   |   |   |--- feature_33 >  0.50
|   |   |   |   |   |   |   |   |   |   |   |--- class: 0
|   |   |   |   |   |   |   |   |   |--- feature_2 >  9.50
|   |   |   |   |   |   |   |   |   |   |--- feature_1 <= 151582.00
|   |   |   |   |   |   |   |   |   |   |   |--- class: 0
|   |   |   |   |   |   |   |   |   |   |--- feature_1 >  151582.00
|   |   |   |   |   |   |   |   |   |   |   |--- class: 1
|   |   |   |   |   |   |   |   |--- feature_30 >  0.50
|   |   |   |   |   |   |   |   |   |--- class: 0
|   |   |   |   |   |   |   |--- feature_29 >  0.50
|   |   |   |   |   |   |   |   |--- class: 1
|   |   |   |   |   |--- feature_4 >  1846.00
|   |   |   |   |   |   |--- feature_4 <= 1989.50
|   |   |   |   |   |   |   |--- class: 1
|   |   |   |   |   |   |--- feature_4 >  1989.50
|   |   |   |   |   |   |   |--- feature_4 <= 2161.50
|   |   |   |   |   |   |   |   |--- class: 0
|   |   |   |   |   |   |   |--- feature_4 >  2161.50
|   |   |   |   |   |   |   |   |--- class: 1
|   |   |--- feature_3 >  5095.50
|   |   |   |--- class: 1
|   |--- feature_2 >  12.50
|   |   |--- feature_3 <= 5095.50
|   |   |   |--- feature_4 <= 1782.50
|   |   |   |   |--- feature_5 <= 34.50
|   |   |   |   |   |--- feature_44 <= 0.50
|   |   |   |   |   |   |--- feature_2 <= 14.50
|   |   |   |   |   |   |   |--- class: 0
|   |   |   |   |   |   |--- feature_2 >  14.50
|   |   |   |   |   |   |   |--- class: 1
|   |   |   |   |   |--- feature_44 >  0.50
|   |   |   |   |   |   |--- class: 1
|   |   |   |   |--- feature_5 >  34.50
|   |   |   |   |   |--- feature_0 <= 25.50
|   |   |   |   |   |   |--- class: 0
|   |   |   |   |   |--- feature_0 >  25.50
|   |   |   |   |   |   |--- feature_3 <= 3120.00
|   |   |   |   |   |   |   |--- feature_29 <= 0.50
|   |   |   |   |   |   |   |   |--- feature_35 <= 0.50
|   |   |   |   |   |   |   |   |   |--- feature_33 <= 0.50
|   |   |   |   |   |   |   |   |   |   |--- class: 1
|   |   |   |   |   |   |   |   |   |--- feature_33 >  0.50
|   |   |   |   |   |   |   |   |   |   |--- class: 0
|   |   |   |   |   |   |   |   |--- feature_35 >  0.50
|   |   |   |   |   |   |   |   |   |--- feature_0 <= 33.50
|   |   |   |   |   |   |   |   |   |   |--- class: 1
|   |   |   |   |   |   |   |   |   |--- feature_0 >  33.50
|   |   |   |   |   |   |   |   |   |   |--- feature_83 <= 0.50
|   |   |   |   |   |   |   |   |   |   |   |--- class: 1
|   |   |   |   |   |   |   |   |   |   |--- feature_83 >  0.50
|   |   |   |   |   |   |   |   |   |   |   |--- class: 0
|   |   |   |   |   |   |   |--- feature_29 >  0.50
|   |   |   |   |   |   |   |   |--- feature_4 <= 629.00
|   |   |   |   |   |   |   |   |   |--- feature_0 <= 28.50
|   |   |   |   |   |   |   |   |   |   |--- class: 0
|   |   |   |   |   |   |   |   |   |--- feature_0 >  28.50
|   |   |   |   |   |   |   |   |   |   |--- class: 1
|   |   |   |   |   |   |   |   |--- feature_4 >  629.00
|   |   |   |   |   |   |   |   |   |--- class: 0
|   |   |   |   |   |   |--- feature_3 >  3120.00
|   |   |   |   |   |   |   |--- class: 0
|   |   |   |--- feature_4 >  1782.50
|   |   |   |   |--- class: 1
|   |   |--- feature_3 >  5095.50
|   |   |   |--- class: 1
